
> frontend@0.1.0 start
> react-scripts start

(node:17808) [DEP0176] DeprecationWarning: fs.F_OK is deprecated, use fs.constants.F_OK instead
(Use `node --trace-deprecation ...` to show where the warning was created)
(node:17808) [DEP_WEBPACK_DEV_SERVER_ON_AFTER_SETUP_MIDDLEWARE] DeprecationWarning: 'onAfterSetupMiddleware' option is deprecated. Please use the 'setupMiddlewares' option.
(node:17808) [DEP_WEBPACK_DEV_SERVER_ON_BEFORE_SETUP_MIDDLEWARE] DeprecationWarning: 'onBeforeSetupMiddleware' option is deprecated. Please use the 'setupMiddlewares' option.
Starting the development server...

Compiled with warnings.

[eslint] 
src\components\AlertPanel.tsx
  Line 23:6:  React Hook useEffect has a missing dependency: 'fetchAlerts'. Either include it or remove the dependency array  react-hooks/exhaustive-deps
  Line 38:9:  'playAlertSound' is assigned a value but never used                                                             @typescript-eslint/no-unused-vars

src\components\AlertToast.tsx
  Line 14:9:  'audioRef' is assigned a value but never used                                                                      @typescript-eslint/no-unused-vars
  Line 62:6:  React Hook useEffect has a missing dependency: 'handleNewAlert'. Either include it or remove the dependency array  react-hooks/exhaustive-deps

src\pages\Dashboard.tsx
  Line 46:10:  'loading' is assigned a value but never used  @typescript-eslint/no-unused-vars

Search for the keywords to learn more about each warning.
To ignore, add // eslint-disable-next-line to the line before.

[1m[33mWARNING[39m[22m in [1m[eslint] 
src\components\AlertPanel.tsx
  Line 23:6:  React Hook useEffect has a missing dependency: 'fetchAlerts'. Either include it or remove the dependency array  react-hooks/exhaustive-deps
  Line 38:9:  'playAlertSound' is assigned a value but never used                                                             @typescript-eslint/no-unused-vars

src\components\AlertToast.tsx
  Line 14:9:  'audioRef' is assigned a value but never used                                                                      @typescript-eslint/no-unused-vars
  Line 62:6:  React Hook useEffect has a missing dependency: 'handleNewAlert'. Either include it or remove the dependency array  react-hooks/exhaustive-deps

src\pages\Dashboard.tsx
  Line 46:10:  'loading' is assigned a value but never used  @typescript-eslint/no-unused-vars

[39m[22m

webpack compiled with [1m[33m1 warning[39m[22m
No issues found.
Compiled with warnings.

[eslint] 
src\components\AlertPanel.tsx
  Line 23:6:  React Hook useEffect has a missing dependency: 'fetchAlerts'. Either include it or remove the dependency array  react-hooks/exhaustive-deps
  Line 38:9:  'playAlertSound' is assigned a value but never used                                                             @typescript-eslint/no-unused-vars

src\components\AlertToast.tsx
  Line 14:9:  'audioRef' is assigned a value but never used                                                                      @typescript-eslint/no-unused-vars
  Line 62:6:  React Hook useEffect has a missing dependency: 'handleNewAlert'. Either include it or remove the dependency array  react-hooks/exhaustive-deps

src\pages\Dashboard.tsx
  Line 46:10:  'loading' is assigned a value but never used  @typescript-eslint/no-unused-vars

Search for the keywords to learn more about each warning.
To ignore, add // eslint-disable-next-line to the line before.

[1m[33mWARNING[39m[22m in [1m[eslint] 
src\components\AlertPanel.tsx
  Line 23:6:  React Hook useEffect has a missing dependency: 'fetchAlerts'. Either include it or remove the dependency array  react-hooks/exhaustive-deps
  Line 38:9:  'playAlertSound' is assigned a value but never used                                                             @typescript-eslint/no-unused-vars

src\components\AlertToast.tsx
  Line 14:9:  'audioRef' is assigned a value but never used                                                                      @typescript-eslint/no-unused-vars
  Line 62:6:  React Hook useEffect has a missing dependency: 'handleNewAlert'. Either include it or remove the dependency array  react-hooks/exhaustive-deps

src\pages\Dashboard.tsx
  Line 46:10:  'loading' is assigned a value but never used  @typescript-eslint/no-unused-vars

[39m[22m

webpack compiled with [1m[33m1 warning[39m[22m
No issues found.
Compiling...
Compiled with warnings.

[eslint] 
src\components\AlertPanel.tsx
  Line 23:6:  React Hook useEffect has a missing dependency: 'fetchAlerts'. Either include it or remove the dependency array  react-hooks/exhaustive-deps
  Line 38:9:  'playAlertSound' is assigned a value but never used                                                             @typescript-eslint/no-unused-vars

src\components\AlertToast.tsx
  Line 14:9:  'audioRef' is assigned a value but never used                                                                      @typescript-eslint/no-unused-vars
  Line 62:6:  React Hook useEffect has a missing dependency: 'handleNewAlert'. Either include it or remove the dependency array  react-hooks/exhaustive-deps

src\pages\Dashboard.tsx
  Line 46:10:  'loading' is assigned a value but never used  @typescript-eslint/no-unused-vars

Search for the keywords to learn more about each warning.
To ignore, add // eslint-disable-next-line to the line before.

[1m[33mWARNING[39m[22m in [1m[eslint] 
src\components\AlertPanel.tsx
  Line 23:6:  React Hook useEffect has a missing dependency: 'fetchAlerts'. Either include it or remove the dependency array  react-hooks/exhaustive-deps
  Line 38:9:  'playAlertSound' is assigned a value but never used                                                             @typescript-eslint/no-unused-vars

src\components\AlertToast.tsx
  Line 14:9:  'audioRef' is assigned a value but never used                                                                      @typescript-eslint/no-unused-vars
  Line 62:6:  React Hook useEffect has a missing dependency: 'handleNewAlert'. Either include it or remove the dependency array  react-hooks/exhaustive-deps

src\pages\Dashboard.tsx
  Line 46:10:  'loading' is assigned a value but never used  @typescript-eslint/no-unused-vars

[39m[22m

webpack compiled with [1m[33m1 warning[39m[22m
No issues found.
